Arguments: 
  /Users/dzianis.artsiukhovic/.nvm/versions/node/v10.16.1/bin/node /Users/dzianis.artsiukhovic/.nvm/versions/node/v10.16.1/bin/yarn add ts-jest

PATH: 
  :/Users/dzianis.artsiukhovic/Library/Android/sdk/tools:/Users/dzianis.artsiukhovic/Library/Android/sdk/platform-tools/:./node_modules/.bin:../node_modules/.bin:../../node_modules/.bin:/Users/dzianis.artsiukhovic/.nvm/versions/node/v10.16.1/bin:/usr/local/bin:/usr/bin:/bin:/usr/sbin:/sbin

Yarn version: 
  1.17.3

Node version: 
  10.16.1

Platform: 
  darwin x64

Trace: 
  SyntaxError: /Users/dzianis.artsiukhovic/Desktop/Projects/tsWorkshop/package.json: Unexpected token } in JSON at position 127
      at JSON.parse (<anonymous>)
      at /Users/dzianis.artsiukhovic/.nvm/versions/node/v10.16.1/lib/node_modules/yarn/lib/cli.js:1625:59
      at Generator.next (<anonymous>)
      at step (/Users/dzianis.artsiukhovic/.nvm/versions/node/v10.16.1/lib/node_modules/yarn/lib/cli.js:304:30)
      at /Users/dzianis.artsiukhovic/.nvm/versions/node/v10.16.1/lib/node_modules/yarn/lib/cli.js:315:13

npm manifest: 
  {
    "name": "tsWorkshop",
    "version": "1.0.0",
    "main": "index.js",
    "license": "MIT",
    "scripts": {
      "build": "tsc",
    },
    "devDependencies": {
      "typescript": "^3.7.2"
    }
  }

yarn manifest: 
  No manifest

Lockfile: 
  # THIS IS AN AUTOGENERATED FILE. DO NOT EDIT THIS FILE DIRECTLY.
  # yarn lockfile v1
  
  
  typescript@^3.7.2:
    version "3.7.2"
    resolved "https://registry.yarnpkg.com/typescript/-/typescript-3.7.2.tgz#27e489b95fa5909445e9fef5ee48d81697ad18fb"
    integrity sha512-ml7V7JfiN2Xwvcer+XAf2csGO1bPBdRbFCkYBczNZggrBZ9c7G3riSUeJmqEU5uOtXNPMhE3n+R4FA/3YOAWOQ==
